android/app/build/intermediates/manifest_merge_blame_file/release/manifest-merger-blame-release-report.txt
1<?xml version="1.0" encoding="utf-8"?>
2<manifest xmlns:android="http://schemas.android.com/apk/res/android"
3    package="com.xpr_accounting"
4    android:versionCode="4"
5    android:versionName="1.4" >
6
7    <uses-sdk
8        android:minSdkVersion="21"
8-->src\main\AndroidManifest.xml
9        android:targetSdkVersion="29" />
9-->src\main\AndroidManifest.xml
10
11    <uses-permission android:name="android.permission.INTERNET" />
11-->src\main\AndroidManifest.xml:4:5-67
11-->src\main\AndroidManifest.xml:4:22-64
12    <uses-permission android:name="android.permission.CAMERA" />
12-->src\main\AndroidManifest.xml:5:3-62
12-->src\main\AndroidManifest.xml:5:20-60
13    <uses-permission android:name="android.permission.WRITE_EXTERNAL_STORAGE" />
13-->src\main\AndroidManifest.xml:6:5-80
13-->src\main\AndroidManifest.xml:6:22-78
14
15    <queries>
15-->[:react-native-image-crop-picker] AndroidManifest.xml:10:5-14:15
16        <intent>
16-->[:react-native-image-crop-picker] AndroidManifest.xml:11:9-13:18
17            <action android:name="android.media.action.IMAGE_CAPTURE" />
17-->[:react-native-image-crop-picker] AndroidManifest.xml:12:13-73
17-->[:react-native-image-crop-picker] AndroidManifest.xml:12:21-70
18        </intent>
19    </queries>
20
21    <application
21-->src\main\AndroidManifest.xml:7:5-26:19
22        android:name="com.xpr_accounting.MainApplication"
22-->src\main\AndroidManifest.xml:8:7-38
23        android:allowBackup="false"
23-->src\main\AndroidManifest.xml:12:7-34
24        android:appComponentFactory="androidx.core.app.CoreComponentFactory"
24-->[androidx.core:core:1.3.1] AndroidManifest.xml:24:18-86
25        android:icon="@mipmap/ic_launcher"
25-->src\main\AndroidManifest.xml:10:7-41
26        android:label="@string/app_name"
26-->src\main\AndroidManifest.xml:9:7-39
27        android:roundIcon="@mipmap/ic_launcher_round"
27-->src\main\AndroidManifest.xml:11:7-52
28        android:theme="@style/AppTheme"
28-->src\main\AndroidManifest.xml:14:7-38
29        android:usesCleartextTraffic="true" >
29-->src\main\AndroidManifest.xml:13:7-42
30        <activity
30-->src\main\AndroidManifest.xml:15:7-25:18
31            android:name="com.xpr_accounting.MainActivity"
31-->src\main\AndroidManifest.xml:16:9-37
32            android:configChanges="keyboard|keyboardHidden|orientation|screenSize|uiMode"
32-->src\main\AndroidManifest.xml:18:9-86
33            android:label="@string/app_name"
33-->src\main\AndroidManifest.xml:17:9-41
34            android:launchMode="singleTask"
34-->src\main\AndroidManifest.xml:19:9-40
35            android:windowSoftInputMode="adjustResize" >
35-->src\main\AndroidManifest.xml:20:9-51
36            <intent-filter>
36-->src\main\AndroidManifest.xml:21:9-24:25
37                <action android:name="android.intent.action.MAIN" />
37-->src\main\AndroidManifest.xml:22:13-65
37-->src\main\AndroidManifest.xml:22:21-62
38
39                <category android:name="android.intent.category.LAUNCHER" />
39-->src\main\AndroidManifest.xml:23:13-73
39-->src\main\AndroidManifest.xml:23:23-70
40            </intent-filter>
41        </activity>
42
43        <provider
43-->[:react-native-image-crop-picker] AndroidManifest.xml:19:9-27:20
44            android:name="androidx.core.content.FileProvider"
44-->[:react-native-image-crop-picker] AndroidManifest.xml:20:13-62
45            android:authorities="com.xpr_accounting.provider"
45-->[:react-native-image-crop-picker] AndroidManifest.xml:21:13-60
46            android:exported="false"
46-->[:react-native-image-crop-picker] AndroidManifest.xml:22:13-37
47            android:grantUriPermissions="true" >
47-->[:react-native-image-crop-picker] AndroidManifest.xml:23:13-47
48            <meta-data
48-->[:react-native-image-crop-picker] AndroidManifest.xml:24:13-26:58
49                android:name="android.support.FILE_PROVIDER_PATHS"
49-->[:react-native-image-crop-picker] AndroidManifest.xml:25:17-67
50                android:resource="@xml/provider_paths" />
50-->[:react-native-image-crop-picker] AndroidManifest.xml:26:17-55
51        </provider>
52
53        <activity
53-->[:react-native-image-crop-picker] AndroidManifest.xml:29:9-31:72
54            android:name="com.yalantis.ucrop.UCropActivity"
54-->[:react-native-image-crop-picker] AndroidManifest.xml:30:13-60
55            android:theme="@style/Theme.AppCompat.Light.NoActionBar" />
55-->[:react-native-image-crop-picker] AndroidManifest.xml:31:13-69
56
57        <provider
57-->[:react-native-image-picker] AndroidManifest.xml:12:9-20:20
58            android:name="com.imagepicker.ImagePickerProvider"
58-->[:react-native-image-picker] AndroidManifest.xml:13:13-63
59            android:authorities="com.xpr_accounting.imagepickerprovider"
59-->[:react-native-image-picker] AndroidManifest.xml:14:13-71
60            android:exported="false"
60-->[:react-native-image-picker] AndroidManifest.xml:15:13-37
61            android:grantUriPermissions="true" >
61-->[:react-native-image-picker] AndroidManifest.xml:16:13-47
62            <meta-data
62-->[:react-native-image-crop-picker] AndroidManifest.xml:24:13-26:58
63                android:name="android.support.FILE_PROVIDER_PATHS"
63-->[:react-native-image-crop-picker] AndroidManifest.xml:25:17-67
64                android:resource="@xml/imagepicker_provider_paths" />
64-->[:react-native-image-crop-picker] AndroidManifest.xml:26:17-55
65        </provider>
66    </application>
67
68</manifest>